2024-04-07 13:35:37.201 | INFO     | main:predict:52 - Prédictions pour les dates intervalle de date suivante 2024-01-01 12:00:00 à 2024-01-03 12:00:00
2024-04-07 13:35:37.201 | INFO     | main:predict:52 - Prédictions pour les dates intervalle de date suivante 2024-01-01 12:00:00 à 2024-01-03 12:00:00
2024-04-07 13:35:41.013 | INFO     | main:predict:74 - Prédictions effectuées avec succès
2024-04-07 13:35:41.013 | INFO     | main:predict:74 - Prédictions effectuées avec succès
2024-04-07 13:40:31.945 | INFO     | main:predict:52 - Prédictions pour les dates intervalle de date suivante 2024-01-01 12:00:00 à 2024-01-03 12:00:00
2024-04-07 13:40:31.945 | INFO     | main:predict:52 - Prédictions pour les dates intervalle de date suivante 2024-01-01 12:00:00 à 2024-01-03 12:00:00
2024-04-07 13:40:34.849 | INFO     | main:predict:74 - Prédictions effectuées avec succès
2024-04-07 13:40:34.849 | INFO     | main:predict:74 - Prédictions effectuées avec succès
2024-04-07 14:43:53.721 | INFO     | main:root:45 - connexion à la racine effectué avec succès
2024-04-07 14:43:53.721 | INFO     | main:root:45 - connexion à la racine effectué avec succès
2024-04-07 15:34:59.330 | INFO     | main:root:45 - connexion à la racine effectué avec succès
2024-04-07 15:34:59.330 | INFO     | main:root:45 - connexion à la racine effectué avec succès
2024-04-07 15:41:20.506 | INFO     | main:predict:52 - Prédictions pour les dates intervalle de date suivante 2020-01-01 00:00 à 2020-01-01 04:00:00
2024-04-07 15:41:20.506 | INFO     | main:predict:52 - Prédictions pour les dates intervalle de date suivante 2020-01-01 00:00 à 2020-01-01 04:00:00
2024-04-07 15:41:20.509 | ERROR    | main:predict:84 - Erreur lors des prédictions : time data '2020-01-01 00:00' does not match format '%Y-%m-%d %H:%M:%S'
2024-04-07 15:41:20.509 | ERROR    | main:predict:84 - Erreur lors des prédictions : time data '2020-01-01 00:00' does not match format '%Y-%m-%d %H:%M:%S'
2024-04-07 15:41:52.715 | INFO     | main:predict:52 - Prédictions pour les dates intervalle de date suivante 2020-01-01 00:00:00 à 2020-01-01 04:00:00:00
2024-04-07 15:41:52.715 | INFO     | main:predict:52 - Prédictions pour les dates intervalle de date suivante 2020-01-01 00:00:00 à 2020-01-01 04:00:00:00
2024-04-07 15:41:52.716 | ERROR    | main:predict:84 - Erreur lors des prédictions : unconverted data remains: :00
2024-04-07 15:41:52.716 | ERROR    | main:predict:84 - Erreur lors des prédictions : unconverted data remains: :00
2024-04-07 16:20:51.034 | INFO     | main:predict:52 - Prédictions pour les dates intervalle de date suivante 2020-01-01 00:00:00 à 2020-01-01 04:00:00:00
2024-04-07 16:20:51.034 | INFO     | main:predict:52 - Prédictions pour les dates intervalle de date suivante 2020-01-01 00:00:00 à 2020-01-01 04:00:00:00
2024-04-07 16:20:51.041 | ERROR    | main:predict:84 - Erreur lors des prédictions : unconverted data remains: :00
2024-04-07 16:20:51.041 | ERROR    | main:predict:84 - Erreur lors des prédictions : unconverted data remains: :00
2024-04-07 16:21:41.624 | INFO     | main:predict:52 - Prédictions pour les dates intervalle de date suivante 2020-01-01 00:00:00 à 2020-01-01 06:00:00:00
2024-04-07 16:21:41.624 | INFO     | main:predict:52 - Prédictions pour les dates intervalle de date suivante 2020-01-01 00:00:00 à 2020-01-01 06:00:00:00
2024-04-07 16:21:41.629 | ERROR    | main:predict:84 - Erreur lors des prédictions : unconverted data remains: :00
2024-04-07 16:21:41.629 | ERROR    | main:predict:84 - Erreur lors des prédictions : unconverted data remains: :00
2024-04-07 16:21:58.860 | INFO     | main:predict:52 - Prédictions pour les dates intervalle de date suivante 2020-01-01 00:00:00 à 2020-01-02 06:00:00:00
2024-04-07 16:21:58.860 | INFO     | main:predict:52 - Prédictions pour les dates intervalle de date suivante 2020-01-01 00:00:00 à 2020-01-02 06:00:00:00
2024-04-07 16:21:58.861 | ERROR    | main:predict:84 - Erreur lors des prédictions : unconverted data remains: :00
2024-04-07 16:21:58.861 | ERROR    | main:predict:84 - Erreur lors des prédictions : unconverted data remains: :00
2024-04-07 16:22:17.098 | INFO     | main:predict:52 - Prédictions pour les dates intervalle de date suivante 2024-01-01 00:00:00 à 2024-01-02 06:00:00:00
2024-04-07 16:22:17.098 | INFO     | main:predict:52 - Prédictions pour les dates intervalle de date suivante 2024-01-01 00:00:00 à 2024-01-02 06:00:00:00
2024-04-07 16:22:17.100 | ERROR    | main:predict:84 - Erreur lors des prédictions : unconverted data remains: :00
2024-04-07 16:22:17.100 | ERROR    | main:predict:84 - Erreur lors des prédictions : unconverted data remains: :00
2024-04-07 16:24:17.854 | INFO     | main:predict:52 - Prédictions pour les dates intervalle de date suivante 2024-01-01 00:00:00 à 2024-01-02 00:00:00
2024-04-07 16:24:17.854 | INFO     | main:predict:52 - Prédictions pour les dates intervalle de date suivante 2024-01-01 00:00:00 à 2024-01-02 00:00:00
2024-04-07 16:24:20.604 | INFO     | main:predict:74 - Prédictions effectuées avec succès
2024-04-07 16:24:20.604 | INFO     | main:predict:74 - Prédictions effectuées avec succès
2024-04-07 16:26:22.141 | INFO     | main:predict:52 - Prédictions pour les dates intervalle de date suivante 2024-01-09 00:00:00 à 2024-01-10 00:00:00
2024-04-07 16:26:22.141 | INFO     | main:predict:52 - Prédictions pour les dates intervalle de date suivante 2024-01-09 00:00:00 à 2024-01-10 00:00:00
2024-04-07 16:26:23.993 | INFO     | main:predict:74 - Prédictions effectuées avec succès
2024-04-07 16:26:23.993 | INFO     | main:predict:74 - Prédictions effectuées avec succès
2024-04-07 23:22:48.719 | INFO     | main:root:45 - connexion à la racine effectué avec succès
2024-04-07 23:22:48.719 | INFO     | main:root:45 - connexion à la racine effectué avec succès
2024-04-07 23:28:26.504 | INFO     | main:root:45 - connexion à la racine effectué avec succès
2024-04-07 23:28:26.504 | INFO     | main:root:45 - connexion à la racine effectué avec succès
2024-04-07 23:32:20.829 | INFO     | main:root:45 - connexion à la racine effectué avec succès
2024-04-07 23:32:20.829 | INFO     | main:root:45 - connexion à la racine effectué avec succès
2024-04-07 23:48:03.180 | INFO     | main:root:45 - connexion à la racine effectué avec succès
2024-04-07 23:48:03.180 | INFO     | main:root:45 - connexion à la racine effectué avec succès
2024-04-07 23:58:14.136 | INFO     | main:root:45 - connexion à la racine effectué avec succès
2024-04-07 23:58:14.136 | INFO     | main:root:45 - connexion à la racine effectué avec succès
2024-04-08 00:01:07.246 | INFO     | main:predict:52 - Prédictions pour les dates intervalle de date suivante 2020-01-01 00:00:00 à 2020-01-11 00:00:00
2024-04-08 00:01:07.246 | INFO     | main:predict:52 - Prédictions pour les dates intervalle de date suivante 2020-01-01 00:00:00 à 2020-01-11 00:00:00
2024-04-08 00:01:07.321 | INFO     | main:predict:74 - Prédictions effectuées avec succès
2024-04-08 00:01:07.321 | INFO     | main:predict:74 - Prédictions effectuées avec succès
